<?xml version="1.0" encoding="UTF-8"?>
<!-- Generated by org.testng.reporters.JUnitReportReporter -->
<testsuite hostname="LAPTOP-4PCOUT3C" failures="0" tests="1" name="tests.TwoTest" time="11.578" errors="0" timestamp="2023-03-27T09:49:02 CEST" skipped="0">
  <testcase classname="tests.TwoTest" name="testTwo" time="11.578"/>
  <system-out/>
</testsuite> <!-- tests.TwoTest -->
