<?xml version="1.0" encoding="UTF-8"?>
<!-- Generated by org.testng.reporters.JUnitReportReporter -->
<testsuite hostname="LAPTOP-4PCOUT3C" failures="0" tests="1" name="runner.RunnerTest" time="9.762" errors="0" timestamp="2023-03-31T11:07:47 CEST" skipped="0">
  <testcase classname="runner.RunnerTest" name="runScenario" time="9.762"/>
  <system-out/>
</testsuite> <!-- runner.RunnerTest -->
