<?xml version="1.0" encoding="UTF-8"?>
<!-- Generated by org.testng.reporters.JUnitReportReporter -->
<testsuite hostname="LAPTOP-4PCOUT3C" failures="0" tests="1" name="runner.Runner" time="18.621" errors="0" timestamp="2023-03-28T20:44:24 CEST" skipped="0">
  <testcase classname="runner.Runner" name="runScenario" time="18.621"/>
  <system-out/>
</testsuite> <!-- runner.Runner -->
