<?xml version="1.0" encoding="UTF-8"?>
<!-- Generated by org.testng.reporters.JUnitReportReporter -->
<testsuite hostname="LAPTOP-4PCOUT3C" failures="0" tests="2" name="tests.LoginTest" time="26.122" errors="0" timestamp="2023-03-31T11:31:12 CEST" skipped="0">
  <testcase classname="tests.LoginTest" name="login" time="10.206"/>
  <system-out/>
  <testcase classname="tests.LoginTest" name="login" time="15.916"/>
  <system-out/>
</testsuite> <!-- tests.LoginTest -->
