<?xml version="1.0" encoding="UTF-8"?>
<!-- Generated by org.testng.reporters.JUnitReportReporter -->
<testsuite hostname="LAPTOP-4PCOUT3C" failures="0" tests="1" name="tests.TwoTest" time="7.812" errors="0" timestamp="2023-03-31T11:31:12 CEST" skipped="0">
  <testcase classname="tests.TwoTest" name="testTwo" time="7.812"/>
  <system-out/>
</testsuite> <!-- tests.TwoTest -->
